
Executing(%install): /bin/sh -e /var/tmp/rpm-tmp.wxOMpw
+ umask 022
+ cd /home/pastthepixels/Git/InfiniteShooter/Production/Fedora
+ '[' /home/pastthepixels/rpmbuild/BUILDROOT/InfiniteShooter-2-2.fc34.x86_64 '!=' / ']'
+ rm -rf /home/pastthepixels/rpmbuild/BUILDROOT/InfiniteShooter-2-2.fc34.x86_64
++ dirname /home/pastthepixels/rpmbuild/BUILDROOT/InfiniteShooter-2-2.fc34.x86_64
+ mkdir -p /home/pastthepixels/rpmbuild/BUILDROOT
+ mkdir /home/pastthepixels/rpmbuild/BUILDROOT/InfiniteShooter-2-2.fc34.x86_64
+ mkdir -p -m0755 /home/pastthepixels/rpmbuild/BUILDROOT/InfiniteShooter-2-2.fc34.x86_64/opt
+ mkdir -p /home/pastthepixels/rpmbuild/BUILDROOT/InfiniteShooter-2-2.fc34.x86_64/usr/share/applications
+ cp -r /home/pastthepixels/Git/InfiniteShooter/Production/Fedora/infiniteshooter /home/pastthepixels/rpmbuild/BUILDROOT/InfiniteShooter-2-2.fc34.x86_64/opt
+ cp -r /home/pastthepixels/Git/InfiniteShooter/Production/Fedora/InfiniteShooter.desktop /home/pastthepixels/rpmbuild/BUILDROOT/InfiniteShooter-2-2.fc34.x86_64/usr/share/applications
+ /usr/lib/rpm/check-buildroot
+ /usr/lib/rpm/redhat/brp-ldconfig
+ /usr/lib/rpm/brp-compress
+ /usr/lib/rpm/brp-strip /usr/bin/strip
+ /usr/lib/rpm/brp-strip-comment-note /usr/bin/strip /usr/bin/objdump
+ /usr/lib/rpm/redhat/brp-strip-lto /usr/bin/strip
+ /usr/lib/rpm/brp-strip-static-archive /usr/bin/strip
+ /usr/lib/rpm/redhat/brp-python-bytecompile '' 1 0
+ /usr/lib/rpm/brp-python-hardlink
+ /usr/lib/rpm/redhat/brp-mangle-shebangs
Processing files: InfiniteShooter-2-2.fc34.x86_64
Provides: InfiniteShooter = 2-2.fc34 InfiniteShooter(x86-64) = 2-2.fc34 application() application(InfiniteShooter.desktop)
Requires(rpmlib): rpmlib(CompressedFileNames) <= 3.0.4-1 rpmlib(FileDigests) <= 4.6.0-1 rpmlib(PayloadFilesHavePrefix) <= 4.0-1
Requires: ld-linux-x86-64.so.2()(64bit) ld-linux-x86-64.so.2(GLIBC_2.3)(64bit) libGL.so.1()(64bit) libX11.so.6()(64bit) libXcursor.so.1()(64bit) libXext.so.6()(64bit) libXi.so.6()(64bit) libXinerama.so.1()(64bit) libXrandr.so.2()(64bit) libXrender.so.1()(64bit) libc.so.6()(64bit) libc.so.6(GLIBC_2.11)(64bit) libc.so.6(GLIBC_2.14)(64bit) libc.so.6(GLIBC_2.15)(64bit) libc.so.6(GLIBC_2.17)(64bit) libc.so.6(GLIBC_2.2.5)(64bit) libc.so.6(GLIBC_2.3)(64bit) libc.so.6(GLIBC_2.3.2)(64bit) libc.so.6(GLIBC_2.3.4)(64bit) libc.so.6(GLIBC_2.4)(64bit) libc.so.6(GLIBC_2.7)(64bit) libdl.so.2()(64bit) libdl.so.2(GLIBC_2.2.5)(64bit) libm.so.6()(64bit) libm.so.6(GLIBC_2.2.5)(64bit) libpthread.so.0()(64bit) libpthread.so.0(GLIBC_2.12)(64bit) libpthread.so.0(GLIBC_2.2.5)(64bit) rtld(GNU_HASH)
Checking for unpackaged file(s): /usr/lib/rpm/check-files /home/pastthepixels/rpmbuild/BUILDROOT/InfiniteShooter-2-2.fc34.x86_64
Wrote: /home/pastthepixels/Git/InfiniteShooter/Production/Fedora/InfiniteShooter-2-2.fc34.src.rpm
Wrote: /home/pastthepixels/Git/InfiniteShooter/Production/Fedora/x86_64/InfiniteShooter-2-2.fc34.x86_64.rpm
Executing(%clean): /bin/sh -e /var/tmp/rpm-tmp.lltmqp
+ umask 022
+ cd /home/pastthepixels/Git/InfiniteShooter/Production/Fedora
+ /usr/bin/rm -rf /home/pastthepixels/rpmbuild/BUILDROOT/InfiniteShooter-2-2.fc34.x86_64
+ RPM_EC=0
++ jobs -p
+ exit 0
